   1.37029624      0.726783633       9.99999978E-03   1.20000005      0.697684050      0.517349124    
   1.37029624      0.726783633       9.99999978E-03  0.490000010      0.335937679     -0.423138380    
   1.37029624      0.726783633       9.99999978E-03   1.13000000      0.671974897      0.444941640    
   1.37029624      0.726783633       9.99999978E-03   1.13000000      0.671974897      0.444941640    
   1.37029624      0.726783633       9.99999978E-03   1.22000003      0.704684973      0.537531734    
   1.37029624      0.726783633       9.99999978E-03  0.930000007      0.587388277      0.220440507    
   1.37029624      0.726783633       9.99999978E-03  0.899999976      0.573178589      0.184114933    
   1.37029624      0.726783633       9.99999978E-03  0.500000000      0.342661649     -0.404768944    
   1.37029624      0.726783633       9.99999978E-03   3.61999989      0.985214889       2.17624331    
   1.37029624      0.726783633       9.99999978E-03  0.509999990      0.349343091     -0.386651397    
   1.37029624      0.726783633       9.99999978E-03  0.219999999      0.143066108      -1.06666720    
   1.37029624      0.726783633       9.99999978E-03   2.99999993E-02   2.00591646E-02  -2.05296803    
   1.37029624      0.726783633       9.99999978E-03  0.129999995       7.93632567E-02  -1.40962076    
   1.37029624      0.726783633       9.99999978E-03  0.500000000      0.342661649     -0.404768944    
   1.37029624      0.726783633       9.99999978E-03   2.13000011      0.902014136       1.29329848    
   1.37029624      0.726783633       9.99999978E-03  0.409999996      0.280716360     -0.580348611    
   1.37029624      0.726783633       9.99999978E-03   1.24000001      0.711537361      0.557501435    
   1.37029624      0.726783633       9.99999978E-03   1.03999996      0.636030495      0.347424746    
   1.37029624      0.726783633       9.99999978E-03   1.14999998      0.679515302      0.465919375    
   1.37029624      0.726783633       9.99999978E-03   1.37000000      0.752628386      0.682489991    
   1.37029624      0.726783633       9.99999978E-03  0.819999993      0.533231020       8.31891298E-02
   1.37029624      0.726783633       9.99999978E-03  0.870000005      0.558551610      0.146986008    
   1.37029624      0.726783633       9.99999978E-03   1.50999999      0.790750325      0.808835387    
   1.37029624      0.726783633       9.99999978E-03   2.21000004      0.911296248       1.34899926    
   1.37029624      0.726783633       9.99999978E-03  0.400000006      0.273650974     -0.601455569    
   1.37029624      0.726783633       9.99999978E-03  0.509999990      0.349343091     -0.386651397    
   1.37029624      0.726783633       9.99999978E-03   4.99999989E-03   1.08807944E-02  -2.29494333    
   1.37029624      0.726783633       9.99999978E-03  0.170000002      0.107122049      -1.24213076    
   1.37029624      0.726783633       9.99999978E-03  0.750000000      0.495766997      -1.05799437E-02
   1.37029624      0.726783633       9.99999978E-03  0.600000024      0.407461852     -0.233677626    
   1.37029624      0.726783633       9.99999978E-03  0.949999988      0.596633017      0.244233012    
   1.37029624      0.726783633       9.99999978E-03  0.610000014      0.413687319     -0.217680812    
   1.37029624      0.726783633       9.99999978E-03  0.310000002      0.208839372     -0.810264051    
   1.37029624      0.726783633       9.99999978E-03   1.55999994      0.802973866      0.852136135    
   1.37029624      0.726783633       9.99999978E-03  0.189999998      0.121382348      -1.16820359    
   1.37029624      0.726783633       9.99999978E-03  0.579999983      0.394868970     -0.266229868    
   1.37029624      0.726783633       9.99999978E-03  0.469999999      0.322364956     -0.460669279    
   1.37029624      0.726783633       9.99999978E-03   1.32000005      0.737511098      0.635361910    
   1.37029624      0.726783633       9.99999978E-03  0.219999999      0.143066108      -1.06666720    
   1.37029624      0.726783633       9.99999978E-03   1.76999998      0.847308040       1.02494490    
   1.37029624      0.726783633       9.99999978E-03   1.02999997      0.631827295      0.336254358    
   1.37029624      0.726783633       9.99999978E-03  0.670000017      0.450031519     -0.125301480    
   1.37029624      0.726783633       9.99999978E-03  0.239999995      0.157644212      -1.00415921    
   1.37029624      0.726783633       9.99999978E-03  0.870000005      0.558551610      0.146986008    
   1.37029624      0.726783633       9.99999978E-03   2.71000004      0.952671289       1.67169213    
   1.37029624      0.726783633       9.99999978E-03  0.610000014      0.413687319     -0.217680812    
   1.37029624      0.726783633       9.99999978E-03   1.76999998      0.847308040       1.02494490    
   1.37029624      0.726783633       9.99999978E-03  0.529999971      0.362575531     -0.351139069    
   1.37029624      0.726783633       9.99999978E-03  0.370000005      0.252269864     -0.667057991    
   1.37029624      0.726783633       9.99999978E-03  0.709999979      0.473289818      -6.68313503E-02
   1.37029624      0.726783633       9.99999978E-03   2.17000008      0.906767070       1.32130849    
   1.37029624      0.726783633       9.99999978E-03  0.340000004      0.230647579     -0.736464202    
   1.37029624      0.726783633       9.99999978E-03   1.62000000      0.816752374      0.902945280    
   1.37029624      0.726783633       9.99999978E-03  0.610000014      0.413687319     -0.217680812    
   1.37029624      0.726783633       9.99999978E-03  0.479999989      0.329171807     -0.441768646    
   1.37029624      0.726783633       9.99999978E-03   1.69000006      0.831672609      0.960732043    
   1.37029624      0.726783633       9.99999978E-03   2.43000007      0.932635188       1.49600542    
   1.37029624      0.726783633       9.99999978E-03  0.620000005      0.419865102     -0.201863289    
   1.37029624      0.726783633       9.99999978E-03   3.28999996      0.977399409       2.00321293    
   1.37029624      0.726783633       9.99999978E-03   1.14999998      0.679515302      0.465919375    
   1.37029624      0.726783633       9.99999978E-03   1.61000001      0.814521015      0.894560814    
   1.37029624      0.726783633       9.99999978E-03   2.60999990      0.946294367       1.61028385    
   1.37029624      0.726783633       9.99999978E-03  0.589999974      0.401188999     -0.249858737    
   1.37029624      0.726783633       9.99999978E-03   1.99999996E-02   1.58170722E-02  -2.14944649    
   1.37029624      0.726783633       9.99999978E-03   1.97000003      0.880550742       1.17785072    
   1.37029624      0.726783633       9.99999978E-03  0.740000010      0.490220904      -2.44460106E-02
   1.37029624      0.726783633       9.99999978E-03   9.00000036E-02   5.32361567E-02  -1.61460090    
   1.37029624      0.726783633       9.99999978E-03  0.529999971      0.362575531     -0.351139069    
   1.37029624      0.726783633       9.99999978E-03   1.01999998      0.627581298      0.325013161    
   1.37029624      0.726783633       9.99999978E-03  0.759999990      0.501264393       3.15988064E-03
   1.37029624      0.726783633       9.99999978E-03   7.00000003E-02   4.11243439E-02  -1.73817194    
   1.37029624      0.726783633       9.99999978E-03   3.06999993      0.970052481       1.88198495    
   1.37029624      0.726783633       9.99999978E-03   2.25999999      0.916658461       1.38317895    
   1.37029624      0.726783633       9.99999978E-03   1.41999996      0.766932786      0.728524923    
   1.37029624      0.726783633       9.99999978E-03   1.92999995      0.874514461       1.14807832    
   1.37029624      0.726783633       9.99999978E-03  0.500000000      0.342661649     -0.404768944    
   1.37029624      0.726783633       9.99999978E-03  0.639999986      0.432076573     -0.170747399    
   1.37029624      0.726783633       9.99999978E-03  0.540000021      0.369125307     -0.333728671    
   1.37029624      0.726783633       9.99999978E-03  0.419999987      0.287748396     -0.559595704    
   1.37029624      0.726783633       9.99999978E-03   0.00000000       9.99999978E-03  -2.32678533    
   1.37029624      0.726783633       9.99999978E-03  0.620000005      0.419865102     -0.201863289    
   1.37029624      0.726783633       9.99999978E-03  0.730000019      0.484626025      -3.84411812E-02
   1.37029624      0.726783633       9.99999978E-03  0.959999979      0.601187348      0.256006002    
   1.37029624      0.726783633       9.99999978E-03  0.550000012      0.375629961     -0.316539288    
   1.37029624      0.726783633       9.99999978E-03  0.340000004      0.230647579     -0.736464202    
   1.37029624      0.726783633       9.99999978E-03   2.80999994      0.958304942       1.73173094    
   1.37029624      0.726783633       9.99999978E-03  0.709999979      0.473289818      -6.68313503E-02
   1.37029624      0.726783633       9.99999978E-03   2.99999993E-02   2.00591646E-02  -2.05296803    
   1.37029624      0.726783633       9.99999978E-03   1.64999998      0.823294401      0.927901685    
   1.37029624      0.726783633       9.99999978E-03   1.21000004      0.701203227      0.527467370    
   1.37029624      0.726783633       9.99999978E-03   1.38000000      0.755553246      0.691782713    
   1.37029624      0.726783633       9.99999978E-03  0.509999990      0.349343091     -0.386651397    
   1.37029624      0.726783633       9.99999978E-03  0.300000012      0.201540038     -0.835963964    
   1.37029624      0.726783633       9.99999978E-03   1.71000004      0.835718572      0.976962328    
   1.37029624      0.726783633       9.99999978E-03  0.340000004      0.230647579     -0.736464202    
   1.37029624      0.726783633       9.99999978E-03  0.660000026      0.444095105     -0.140291810    
   1.37029624      0.726783633       9.99999978E-03   2.08999991      0.897027075       1.26495862    
   1.37029624      0.726783633       9.99999978E-03   1.24000001      0.711537361      0.557501435    
   1.37029624      0.726783633       9.99999978E-03  0.310000002      0.208839372     -0.810264051    
   1.37029624      0.726783633       9.99999978E-03   7.00000003E-02   4.11243439E-02  -1.73817194    
