   1.200    0.698    0.518
   0.490    0.336   -0.424
   1.130    0.672    0.445
   1.130    0.672    0.445
   1.220    0.705    0.538
   0.930    0.587    0.221
   0.900    0.573    0.184
   0.500    0.343   -0.405
   3.620    0.985    2.176
   0.510    0.349   -0.387
   0.220    0.143   -1.067
   0.030    0.020   -2.053
   0.130    0.079   -1.409
   0.500    0.343   -0.405
   2.130    0.902    1.293
   0.410    0.281   -0.581
   1.240    0.712    0.558
   1.040    0.636    0.348
   1.150    0.680    0.466
   1.370    0.753    0.683
   0.820    0.533    0.083
   0.870    0.559    0.147
   1.510    0.791    0.809
   2.210    0.911    1.349
   0.400    0.274   -0.602
   0.510    0.349   -0.387
   0.005    0.011   -2.295
   0.170    0.107   -1.242
   0.750    0.496   -0.011
   0.600    0.407   -0.234
   0.950    0.597    0.245
   0.610    0.414   -0.218
   0.310    0.209   -0.810
   1.560    0.803    0.852
   0.190    0.121   -1.168
   0.580    0.395   -0.267
   0.470    0.322   -0.461
   1.320    0.738    0.636
   0.220    0.143   -1.067
   1.770    0.847    1.025
   1.030    0.632    0.337
   0.670    0.450   -0.126
   0.240    0.158   -1.004
   0.870    0.559    0.147
   2.710    0.953    1.671
   0.610    0.414   -0.218
   1.770    0.847    1.025
   0.530    0.363   -0.352
   0.370    0.252   -0.667
   0.710    0.473   -0.067
   2.170    0.907    1.321
   0.340    0.231   -0.737
   1.620    0.817    0.903
   0.610    0.414   -0.218
   0.480    0.329   -0.442
   1.690    0.832    0.961
   2.430    0.933    1.496
   0.620    0.420   -0.202
   3.290    0.977    2.003
   1.150    0.680    0.466
   1.610    0.815    0.895
   2.610    0.946    1.610
   0.590    0.401   -0.250
   0.020    0.016   -2.149
   1.970    0.881    1.178
   0.740    0.490   -0.025
   0.090    0.053   -1.614
   0.530    0.363   -0.352
   1.020    0.628    0.325
   0.760    0.501    0.003
   0.070    0.041   -1.738
   3.070    0.970    1.882
   2.260    0.917    1.383
   1.420    0.767    0.729
   1.930    0.875    1.148
   0.500    0.343   -0.405
   0.640    0.432   -0.171
   0.540    0.369   -0.334
   0.420    0.288   -0.560
   0.000    0.010   -2.326
   0.620    0.420   -0.202
   0.730    0.485   -0.039
   0.960    0.601    0.256
   0.550    0.376   -0.317
   0.340    0.231   -0.737
   2.810    0.958    1.731
   0.710    0.473   -0.067
   0.030    0.020   -2.053
   1.650    0.823    0.928
   1.210    0.701    0.528
   1.380    0.756    0.692
   0.510    0.349   -0.387
   0.300    0.202   -0.836
   1.710    0.836    0.977
   0.340    0.231   -0.737
   0.660    0.444   -0.141
   2.090    0.897    1.265
   1.240    0.712    0.558
   0.310    0.209   -0.810
   0.070    0.041   -1.738
