   0.005    0.628    0.327
   0.000    0.520    0.050
   0.000    0.520    0.050
   0.005    0.628    0.327
   0.000    0.520    0.050
   0.000    0.520    0.050
   0.005    0.628    0.327
   0.005    0.628    0.327
   0.030    0.735    0.629
   0.005    0.628    0.327
   0.000    0.520    0.050
   0.005    0.628    0.327
   0.000    0.520    0.050
   0.005    0.628    0.327
   0.000    0.520    0.050
   0.000    0.520    0.050
   0.005    0.628    0.327
   0.005    0.628    0.327
   0.000    0.520    0.050
   0.000    0.520    0.050
   0.020    0.705    0.539
   0.000    0.520    0.050
   0.010    0.662    0.418
   0.010    0.662    0.418
   0.110    0.855    1.057
   0.020    0.705    0.539
   0.000    0.520    0.050
   0.010    0.662    0.418
   0.000    0.520    0.050
   0.230    0.926    1.445
   0.000    0.520    0.050
   0.005    0.628    0.327
   0.040    0.759    0.703
   0.000    0.520    0.050
   0.010    0.662    0.418
   0.005    0.628    0.327
   0.010    0.662    0.418
   0.000    0.520    0.050
   0.150    0.886    1.204
   0.005    0.628    0.327
   0.000    0.520    0.050
   0.005    0.628    0.327
   0.050    0.779    0.768
   0.005    0.628    0.327
   0.005    0.628    0.327
   0.390    0.966    1.822
   0.005    0.628    0.327
   0.000    0.520    0.050
   0.030    0.735    0.629
   0.000    0.520    0.050
   0.020    0.705    0.539
   0.000    0.520    0.050
   0.010    0.662    0.418
   0.005    0.628    0.327
   0.005    0.628    0.327
   0.110    0.855    1.057
   0.000    0.520    0.050
   0.000    0.520    0.050
   0.000    0.520    0.050
   0.350    0.959    1.737
   0.000    0.520    0.050
   0.000    0.520    0.050
   0.000    0.520    0.050
   0.080    0.823    0.928
   2.260    1.000    4.113
   0.000    0.520    0.050
   0.010    0.662    0.418
   0.000    0.520    0.050
   0.000    0.520    0.050
   0.000    0.520    0.050
   0.790    0.994    2.509
   0.400    0.967    1.843
   0.000    0.520    0.050
   0.000    0.520    0.050
   0.000    0.520    0.050
   0.050    0.779    0.768
   0.000    0.520    0.050
   0.020    0.705    0.539
   0.000    0.520    0.050
   0.000    0.520    0.050
   0.000    0.520    0.050
   0.000    0.520    0.050
   0.000    0.520    0.050
   0.000    0.520    0.050
   0.000    0.520    0.050
   0.000    0.520    0.050
   0.000    0.520    0.050
   0.070    0.810    0.879
   0.000    0.520    0.050
   0.005    0.628    0.327
   0.005    0.628    0.327
   0.000    0.520    0.050
   0.000    0.520    0.050
   0.000    0.520    0.050
   0.005    0.628    0.327
   0.000    0.520    0.050
   0.000    0.520    0.050
   0.000    0.520    0.050
   0.000    0.520    0.050
   0.000    0.520    0.050
