  0.397288710      0.282907248      0.519999981       4.99999989E-03  0.628297925      0.326907516    
  0.397288710      0.282907248      0.519999981       0.00000000      0.519999981       5.00202179E-02
  0.397288710      0.282907248      0.519999981       0.00000000      0.519999981       5.00202179E-02
  0.397288710      0.282907248      0.519999981       4.99999989E-03  0.628297925      0.326907516    
  0.397288710      0.282907248      0.519999981       0.00000000      0.519999981       5.00202179E-02
  0.397288710      0.282907248      0.519999981       0.00000000      0.519999981       5.00202179E-02
  0.397288710      0.282907248      0.519999981       4.99999989E-03  0.628297925      0.326907516    
  0.397288710      0.282907248      0.519999981       4.99999989E-03  0.628297925      0.326907516    
  0.397288710      0.282907248      0.519999981       2.99999993E-02  0.735307276      0.628610492    
  0.397288710      0.282907248      0.519999981       4.99999989E-03  0.628297925      0.326907516    
  0.397288710      0.282907248      0.519999981       0.00000000      0.519999981       5.00202179E-02
  0.397288710      0.282907248      0.519999981       4.99999989E-03  0.628297925      0.326907516    
  0.397288710      0.282907248      0.519999981       0.00000000      0.519999981       5.00202179E-02
  0.397288710      0.282907248      0.519999981       4.99999989E-03  0.628297925      0.326907516    
  0.397288710      0.282907248      0.519999981       0.00000000      0.519999981       5.00202179E-02
  0.397288710      0.282907248      0.519999981       0.00000000      0.519999981       5.00202179E-02
  0.397288710      0.282907248      0.519999981       4.99999989E-03  0.628297925      0.326907516    
  0.397288710      0.282907248      0.519999981       4.99999989E-03  0.628297925      0.326907516    
  0.397288710      0.282907248      0.519999981       0.00000000      0.519999981       5.00202179E-02
  0.397288710      0.282907248      0.519999981       0.00000000      0.519999981       5.00202179E-02
  0.397288710      0.282907248      0.519999981       1.99999996E-02  0.705076158      0.538665891    
  0.397288710      0.282907248      0.519999981       0.00000000      0.519999981       5.00202179E-02
  0.397288710      0.282907248      0.519999981       9.99999978E-03  0.661922336      0.417276621    
  0.397288710      0.282907248      0.519999981       9.99999978E-03  0.661922336      0.417276621    
  0.397288710      0.282907248      0.519999981      0.109999999      0.854817033       1.05733395    
  0.397288710      0.282907248      0.519999981       1.99999996E-02  0.705076158      0.538665891    
  0.397288710      0.282907248      0.519999981       0.00000000      0.519999981       5.00202179E-02
  0.397288710      0.282907248      0.519999981       9.99999978E-03  0.661922336      0.417276621    
  0.397288710      0.282907248      0.519999981       0.00000000      0.519999981       5.00202179E-02
  0.397288710      0.282907248      0.519999981      0.230000004      0.925816894       1.44559836    
  0.397288710      0.282907248      0.519999981       0.00000000      0.519999981       5.00202179E-02
  0.397288710      0.282907248      0.519999981       4.99999989E-03  0.628297925      0.326907516    
  0.397288710      0.282907248      0.519999981       3.99999991E-02  0.759050310      0.702972591    
  0.397288710      0.282907248      0.519999981       0.00000000      0.519999981       5.00202179E-02
  0.397288710      0.282907248      0.519999981       9.99999978E-03  0.661922336      0.417276621    
  0.397288710      0.282907248      0.519999981       4.99999989E-03  0.628297925      0.326907516    
  0.397288710      0.282907248      0.519999981       9.99999978E-03  0.661922336      0.417276621    
  0.397288710      0.282907248      0.519999981       0.00000000      0.519999981       5.00202179E-02
  0.397288710      0.282907248      0.519999981      0.150000006      0.885691166       1.20405233    
  0.397288710      0.282907248      0.519999981       4.99999989E-03  0.628297925      0.326907516    
  0.397288710      0.282907248      0.519999981       0.00000000      0.519999981       5.00202179E-02
  0.397288710      0.282907248      0.519999981       4.99999989E-03  0.628297925      0.326907516    
  0.397288710      0.282907248      0.519999981       5.00000007E-02  0.778719306      0.767648876    
  0.397288710      0.282907248      0.519999981       4.99999989E-03  0.628297925      0.326907516    
  0.397288710      0.282907248      0.519999981       4.99999989E-03  0.628297925      0.326907516    
  0.397288710      0.282907248      0.519999981      0.389999986      0.965799928       1.82276940    
  0.397288710      0.282907248      0.519999981       4.99999989E-03  0.628297925      0.326907516    
  0.397288710      0.282907248      0.519999981       0.00000000      0.519999981       5.00202179E-02
  0.397288710      0.282907248      0.519999981       2.99999993E-02  0.735307276      0.628610492    
  0.397288710      0.282907248      0.519999981       0.00000000      0.519999981       5.00202179E-02
  0.397288710      0.282907248      0.519999981       1.99999996E-02  0.705076158      0.538665891    
  0.397288710      0.282907248      0.519999981       0.00000000      0.519999981       5.00202179E-02
  0.397288710      0.282907248      0.519999981       9.99999978E-03  0.661922336      0.417276621    
  0.397288710      0.282907248      0.519999981       4.99999989E-03  0.628297925      0.326907516    
  0.397288710      0.282907248      0.519999981       4.99999989E-03  0.628297925      0.326907516    
  0.397288710      0.282907248      0.519999981      0.109999999      0.854817033       1.05733395    
  0.397288710      0.282907248      0.519999981       0.00000000      0.519999981       5.00202179E-02
  0.397288710      0.282907248      0.519999981       0.00000000      0.519999981       5.00202179E-02
  0.397288710      0.282907248      0.519999981       0.00000000      0.519999981       5.00202179E-02
  0.397288710      0.282907248      0.519999981      0.349999994      0.958796740       1.73727703    
  0.397288710      0.282907248      0.519999981       0.00000000      0.519999981       5.00202179E-02
  0.397288710      0.282907248      0.519999981       0.00000000      0.519999981       5.00202179E-02
  0.397288710      0.282907248      0.519999981       0.00000000      0.519999981       5.00202179E-02
  0.397288710      0.282907248      0.519999981       7.99999982E-02  0.823179841      0.927459657    
  0.397288710      0.282907248      0.519999981       2.25999999      0.999980450       4.11272573    
  0.397288710      0.282907248      0.519999981       0.00000000      0.519999981       5.00202179E-02
  0.397288710      0.282907248      0.519999981       9.99999978E-03  0.661922336      0.417276621    
  0.397288710      0.282907248      0.519999981       0.00000000      0.519999981       5.00202179E-02
  0.397288710      0.282907248      0.519999981       0.00000000      0.519999981       5.00202179E-02
  0.397288710      0.282907248      0.519999981       0.00000000      0.519999981       5.00202179E-02
  0.397288710      0.282907248      0.519999981      0.790000021      0.993948638       2.50955224    
  0.397288710      0.282907248      0.519999981      0.400000006      0.967337728       1.84344256    
  0.397288710      0.282907248      0.519999981       0.00000000      0.519999981       5.00202179E-02
  0.397288710      0.282907248      0.519999981       0.00000000      0.519999981       5.00202179E-02
  0.397288710      0.282907248      0.519999981       0.00000000      0.519999981       5.00202179E-02
  0.397288710      0.282907248      0.519999981       5.00000007E-02  0.778719306      0.767648876    
  0.397288710      0.282907248      0.519999981       0.00000000      0.519999981       5.00202179E-02
  0.397288710      0.282907248      0.519999981       1.99999996E-02  0.705076158      0.538665891    
  0.397288710      0.282907248      0.519999981       0.00000000      0.519999981       5.00202179E-02
  0.397288710      0.282907248      0.519999981       0.00000000      0.519999981       5.00202179E-02
  0.397288710      0.282907248      0.519999981       0.00000000      0.519999981       5.00202179E-02
  0.397288710      0.282907248      0.519999981       0.00000000      0.519999981       5.00202179E-02
  0.397288710      0.282907248      0.519999981       0.00000000      0.519999981       5.00202179E-02
  0.397288710      0.282907248      0.519999981       0.00000000      0.519999981       5.00202179E-02
  0.397288710      0.282907248      0.519999981       0.00000000      0.519999981       5.00202179E-02
  0.397288710      0.282907248      0.519999981       0.00000000      0.519999981       5.00202179E-02
  0.397288710      0.282907248      0.519999981       0.00000000      0.519999981       5.00202179E-02
  0.397288710      0.282907248      0.519999981       7.00000003E-02  0.810196280      0.878486633    
  0.397288710      0.282907248      0.519999981       0.00000000      0.519999981       5.00202179E-02
  0.397288710      0.282907248      0.519999981       4.99999989E-03  0.628297925      0.326907516    
  0.397288710      0.282907248      0.519999981       4.99999989E-03  0.628297925      0.326907516    
  0.397288710      0.282907248      0.519999981       0.00000000      0.519999981       5.00202179E-02
  0.397288710      0.282907248      0.519999981       0.00000000      0.519999981       5.00202179E-02
  0.397288710      0.282907248      0.519999981       0.00000000      0.519999981       5.00202179E-02
  0.397288710      0.282907248      0.519999981       4.99999989E-03  0.628297925      0.326907516    
  0.397288710      0.282907248      0.519999981       0.00000000      0.519999981       5.00202179E-02
  0.397288710      0.282907248      0.519999981       0.00000000      0.519999981       5.00202179E-02
  0.397288710      0.282907248      0.519999981       0.00000000      0.519999981       5.00202179E-02
  0.397288710      0.282907248      0.519999981       0.00000000      0.519999981       5.00202179E-02
  0.397288710      0.282907248      0.519999981       0.00000000      0.519999981       5.00202179E-02
